<?xml version="1.0" encoding="UTF-8"?>
<!-- Generated by org.testng.reporters.JUnitReportReporter -->
<testsuite hostname="DESKTOP-DTM9LNH" failures="0" tests="3" name="TestNg.SampleTest" time="0.030" errors="0" timestamp="2025-04-03T14:45:37 IST" skipped="0">
  <testcase classname="TestNg.SampleTest" name="deletecontact" time="0.006"/>
  <testcase classname="TestNg.SampleTest" name="createcontact" time="0.011"/>
  <testcase classname="TestNg.SampleTest" name="modifycontact" time="0.013"/>
</testsuite> <!-- TestNg.SampleTest -->
