<?xml version="1.0" encoding="UTF-8"?>
<!-- Generated by org.testng.reporters.JUnitReportReporter -->
<testsuite hostname="DESKTOP-DTM9LNH" failures="0" tests="2" name="TestNg.DataProviderEx2" time="66.474" errors="0" timestamp="2025-04-07T13:12:58 IST" skipped="0">
  <testcase classname="TestNg.DataProviderEx2" name="createContact" time="35.208"/>
  <testcase classname="TestNg.DataProviderEx2" name="createContact" time="31.266"/>
</testsuite> <!-- TestNg.DataProviderEx2 -->
