<?xml version="1.0" encoding="UTF-8"?>
<!-- Generated by org.testng.reporters.JUnitReportReporter -->
<testsuite hostname="DESKTOP-DTM9LNH" failures="0" tests="3" name="generic_utilities.DataProviderEx1" time="0.019" errors="0" timestamp="2025-04-06T20:17:40 IST" skipped="0">
  <testcase classname="generic_utilities.DataProviderEx1" name="bookTickets" time="0.009"/>
  <testcase classname="generic_utilities.DataProviderEx1" name="bookTickets" time="0.007"/>
  <testcase classname="generic_utilities.DataProviderEx1" name="bookTickets" time="0.003"/>
</testsuite> <!-- generic_utilities.DataProviderEx1 -->
